High Performance MPEG 1.0/2.0/2.5 Audio Player for Layers 1, 2 and 3
	version 1.30.2; written and copyright by Michael Hipp and others
	free software (LGPL) without any warranty but with best wishes

Directory: /home/teacher/schollrings-schedule/audio_files/
Playing MPEG stream 1 of 1: lesson_1_start_1750331387.mp3 ...

MPEG 1.0 L III vbr 44100 j-s

	Title:   
	Artist:  
	Album:   
	Year:    
	Genre:   
	Comment: 



[0:22] Decoding of lesson_1_start_1750331387.mp3 finished.
High Performance MPEG 1.0/2.0/2.5 Audio Player for Layers 1, 2 and 3
	version 1.30.2; written and copyright by Michael Hipp and others
	free software (LGPL) without any warranty but with best wishes

Directory: /home/teacher/schollrings-schedule/audio_files/
Playing MPEG stream 1 of 1: lesson_1_end_1750331404.mp3 ...

MPEG 1.0 L III vbr 44100 j-s

	Title:   
	Artist:  
	Album:   
	Year:    
	Genre:   
	Comment: 



[0:22] Decoding of lesson_1_end_1750331404.mp3 finished.
